{
  "uid" : "40b7098ca8bbf78a",
  "name" : "read sensor",
  "historyId" : "a7e15f762ce2f3d55f0e07b1a16707d0",
  "time" : {
    "start" : 1647497488021,
    "stop" : 1647497508628,
    "duration" : 20607
  },
  "status" : "failed",
  "statusMessage" : "AssertionError: No speech contained the expected contentMycroft responded with:\nMycroft: unknown.dialog(UnknownSkill)\n\"You might have to say that a different way.\"\n\n",
  "statusTrace" : "  File \"/opt/mycroft-core/.venv/lib/python3.7/site-packages/behave/model.py\", line 1806, in run\n    match.run(runner.context)\n  File \"/opt/mycroft-core/.venv/lib/python3.7/site-packages/behave/matchers.py\", line 97, in run\n    self.func(context, *args, **kwargs)\n  File \"features/steps/utterance_responses.py\", line 260, in then_contains\n    assert passed, assert_msg\n",
  "flaky" : false,
  "newFailed" : false,
  "beforeStages" : [ ],
  "testStage" : {
    "status" : "failed",
    "statusMessage" : "AssertionError: No speech contained the expected contentMycroft responded with:\nMycroft: unknown.dialog(UnknownSkill)\n\"You might have to say that a different way.\"\n\n",
    "statusTrace" : "  File \"/opt/mycroft-core/.venv/lib/python3.7/site-packages/behave/model.py\", line 1806, in run\n    match.run(runner.context)\n  File \"/opt/mycroft-core/.venv/lib/python3.7/site-packages/behave/matchers.py\", line 97, in run\n    self.func(context, *args, **kwargs)\n  File \"features/steps/utterance_responses.py\", line 260, in then_contains\n    assert passed, assert_msg\n",
    "steps" : [ {
      "name" : "Given an English speaking user",
      "time" : {
        "start" : 1647497488022,
        "stop" : 1647497488023,
        "duration" : 1
      },
      "status" : "passed",
      "steps" : [ ],
      "attachments" : [ ],
      "parameters" : [ ],
      "stepsCount" : 0,
      "attachmentsCount" : 0,
      "shouldDisplayMessage" : false,
      "hasContent" : false
    }, {
      "name" : "When the user says \"give me the value of Mycroft sensor please\"",
      "time" : {
        "start" : 1647497488023,
        "stop" : 1647497488023,
        "duration" : 0
      },
      "status" : "passed",
      "steps" : [ ],
      "attachments" : [ ],
      "parameters" : [ ],
      "stepsCount" : 0,
      "attachmentsCount" : 0,
      "shouldDisplayMessage" : false,
      "hasContent" : false
    }, {
      "name" : "Then mycroft reply should contain \"122\"",
      "time" : {
        "start" : 1647497488023,
        "stop" : 1647497498024,
        "duration" : 10001
      },
      "status" : "failed",
      "statusMessage" : "AssertionError: No speech contained the expected content\n",
      "statusTrace" : "  File \"/opt/mycroft-core/.venv/lib/python3.7/site-packages/behave/model.py\", line 1806, in run\n    match.run(runner.context)\n  File \"/opt/mycroft-core/.venv/lib/python3.7/site-packages/behave/matchers.py\", line 97, in run\n    self.func(context, *args, **kwargs)\n  File \"features/steps/utterance_responses.py\", line 260, in then_contains\n    assert passed, assert_msg\n",
      "steps" : [ ],
      "attachments" : [ ],
      "parameters" : [ ],
      "stepsCount" : 0,
      "attachmentsCount" : 0,
      "shouldDisplayMessage" : true,
      "hasContent" : true
    }, {
      "name" : "Given an English speaking user",
      "time" : {
        "start" : 1647497498326,
        "stop" : 1647497498326,
        "duration" : 0
      },
      "status" : "passed",
      "steps" : [ ],
      "attachments" : [ ],
      "parameters" : [ ],
      "stepsCount" : 0,
      "attachmentsCount" : 0,
      "shouldDisplayMessage" : false,
      "hasContent" : false
    }, {
      "name" : "When the user says \"give me the value of Mycroft sensor please\"",
      "time" : {
        "start" : 1647497498326,
        "stop" : 1647497498326,
        "duration" : 0
      },
      "status" : "passed",
      "steps" : [ ],
      "attachments" : [ ],
      "parameters" : [ ],
      "stepsCount" : 0,
      "attachmentsCount" : 0,
      "shouldDisplayMessage" : false,
      "hasContent" : false
    }, {
      "name" : "Then mycroft reply should contain \"122\"",
      "time" : {
        "start" : 1647497498327,
        "stop" : 1647497508327,
        "duration" : 10000
      },
      "status" : "failed",
      "statusMessage" : "AssertionError: No speech contained the expected contentMycroft responded with:\nMycroft: unknown.dialog(UnknownSkill)\n\"You might have to say that a different way.\"\n\n",
      "statusTrace" : "  File \"/opt/mycroft-core/.venv/lib/python3.7/site-packages/behave/model.py\", line 1806, in run\n    match.run(runner.context)\n  File \"/opt/mycroft-core/.venv/lib/python3.7/site-packages/behave/matchers.py\", line 97, in run\n    self.func(context, *args, **kwargs)\n  File \"features/steps/utterance_responses.py\", line 260, in then_contains\n    assert passed, assert_msg\n",
      "steps" : [ ],
      "attachments" : [ ],
      "parameters" : [ ],
      "stepsCount" : 0,
      "attachmentsCount" : 0,
      "shouldDisplayMessage" : true,
      "hasContent" : true
    } ],
    "attachments" : [ ],
    "parameters" : [ ],
    "stepsCount" : 6,
    "attachmentsCount" : 0,
    "shouldDisplayMessage" : false,
    "hasContent" : true
  },
  "afterStages" : [ ],
  "labels" : [ {
    "name" : "severity",
    "value" : "normal"
  }, {
    "name" : "suite",
    "value" : "behave"
  }, {
    "name" : "feature",
    "value" : "sensor"
  }, {
    "name" : "framework",
    "value" : "behave"
  }, {
    "name" : "language",
    "value" : "cpython3"
  }, {
    "name" : "resultFormat",
    "value" : "allure2"
  } ],
  "parameters" : [ ],
  "links" : [ ],
  "hidden" : false,
  "retry" : false,
  "extra" : {
    "severity" : "normal",
    "retries" : [ ],
    "categories" : [ {
      "name" : "Product defects",
      "matchedStatuses" : [ ],
      "flaky" : false
    } ],
    "tags" : [ ]
  },
  "source" : "40b7098ca8bbf78a.json",
  "parameterValues" : [ ]
}